0 info it worked if it ends with ok
1 verbose cli [
1 verbose cli   '/usr/local/bin/node',
1 verbose cli   '/usr/local/bin/npm',
1 verbose cli   'install',
1 verbose cli   'https://cdnjs.cloudflare.com/ajax/libs/jquery/1.9.1/jquery.min.js'
1 verbose cli ]
2 info using npm@6.14.8
3 info using node@v14.15.0
4 verbose npm-session c71a29c63ca63a9e
5 silly install loadCurrentTree
6 silly install readLocalPackageData
7 http fetch GET 200 https://cdnjs.cloudflare.com/ajax/libs/jquery/1.9.1/jquery.min.js 110ms
8 silly fetchPackageMetaData error for https://cdnjs.cloudflare.com/ajax/libs/jquery/1.9.1/jquery.min.js Non-registry package missing package.json: https://cdnjs.cloudflare.com/ajax/libs/jquery/1.9.1/jquery.min.js.
9 timing stage:rollbackFailedOptional Completed in 1ms
10 timing stage:runTopLevelLifecycles Completed in 2327ms
11 verbose stack Error: Non-registry package missing package.json: https://cdnjs.cloudflare.com/ajax/libs/jquery/1.9.1/jquery.min.js.
11 verbose stack     at /usr/local/lib/node_modules/npm/node_modules/pacote/lib/finalize-manifest.js:157:23
11 verbose stack     at tryCatcher (/usr/local/lib/node_modules/npm/node_modules/bluebird/js/release/util.js:16:23)
11 verbose stack     at Holder$5._callFunction (eval at generateHolderClass (/usr/local/lib/node_modules/npm/node_modules/bluebird/js/release/join.js:92:16), <anonymous>:14:44)
11 verbose stack     at Holder$5.checkFulfillment (eval at generateHolderClass (/usr/local/lib/node_modules/npm/node_modules/bluebird/js/release/join.js:92:16), <anonymous>:29:30)
11 verbose stack     at Promise.eval (eval at thenCallback (/usr/local/lib/node_modules/npm/node_modules/bluebird/js/release/join.js:14:16), <anonymous>:6:20)
11 verbose stack     at Promise._settlePromise (/usr/local/lib/node_modules/npm/node_modules/bluebird/js/release/promise.js:571:21)
11 verbose stack     at Promise._settlePromise0 (/usr/local/lib/node_modules/npm/node_modules/bluebird/js/release/promise.js:619:10)
11 verbose stack     at Promise._settlePromises (/usr/local/lib/node_modules/npm/node_modules/bluebird/js/release/promise.js:699:18)
11 verbose stack     at _drainQueueStep (/usr/local/lib/node_modules/npm/node_modules/bluebird/js/release/async.js:138:12)
11 verbose stack     at _drainQueue (/usr/local/lib/node_modules/npm/node_modules/bluebird/js/release/async.js:131:9)
11 verbose stack     at Async._drainQueues (/usr/local/lib/node_modules/npm/node_modules/bluebird/js/release/async.js:147:5)
11 verbose stack     at Immediate.Async.drainQueues [as _onImmediate] (/usr/local/lib/node_modules/npm/node_modules/bluebird/js/release/async.js:17:14)
11 verbose stack     at processImmediate (internal/timers.js:461:21)
12 verbose cwd /Users/houssmac/Desktop/projet mongo/pinterest-like
13 verbose Darwin 20.1.0
14 verbose argv "/usr/local/bin/node" "/usr/local/bin/npm" "install" "https://cdnjs.cloudflare.com/ajax/libs/jquery/1.9.1/jquery.min.js"
15 verbose node v14.15.0
16 verbose npm  v6.14.8
17 error code ENOPACKAGEJSON
18 error package.json Non-registry package missing package.json: https://cdnjs.cloudflare.com/ajax/libs/jquery/1.9.1/jquery.min.js.
19 error package.json npm can't find a package.json file in your current directory.
20 verbose exit [ 1, true ]
