0 info it worked if it ends with ok
1 verbose cli [ '/usr/local/bin/node', '/usr/local/bin/npm', 'install', 'SASS' ]
2 info using npm@6.14.8
3 info using node@v14.15.0
4 verbose npm-session 04ca81a9fb90c436
5 silly install loadCurrentTree
6 silly install readLocalPackageData
7 http fetch GET 404 https://registry.npmjs.org/SASS 797ms
8 http fetch GET 404 https://registry.npmjs.org/SASS 691ms
9 silly fetchPackageMetaData error for SASS@latest 404 Not Found - GET https://registry.npmjs.org/SASS - Not found
10 timing stage:rollbackFailedOptional Completed in 0ms
11 timing stage:runTopLevelLifecycles Completed in 4830ms
12 verbose stack Error: 404 Not Found - GET https://registry.npmjs.org/SASS - Not found
12 verbose stack     at /usr/local/lib/node_modules/npm/node_modules/npm-registry-fetch/check-response.js:117:15
12 verbose stack     at processTicksAndRejections (internal/process/task_queues.js:93:5)
13 verbose statusCode 404
14 verbose pkgid SASS@latest
15 verbose cwd /Users/houssmac/Desktop/projet mongo/pinterest-like
16 verbose Darwin 20.1.0
17 verbose argv "/usr/local/bin/node" "/usr/local/bin/npm" "install" "SASS"
18 verbose node v14.15.0
19 verbose npm  v6.14.8
20 error code E404
21 error 404 Not Found - GET https://registry.npmjs.org/SASS - Not found
22 error 404
23 error 404 'SASS@latest' is not in the npm registry.
24 error 404 Your package name is not valid, because
25 error 404 1. name can no longer contain capital letters
26 error 404 Note that you can also install from a
27 error 404 tarball, folder, http url, or git url.
28 verbose exit [ 1, true ]
